<?xml version="1.0" encoding="UTF-8"?>
<testng-results ignored="0" total="1" passed="1" failed="0" skipped="0">
  <reporter-output>
  </reporter-output>
  <suite started-at="2023-09-13T08:30:53 IST" name="Default suite" finished-at="2023-09-13T08:31:08 IST" duration-ms="14920">
    <groups>
      <group name="cucumber">
        <method signature="AbstractTestNGCucumberTests.runScenario(io.cucumber.testng.PickleWrapper,io.cucumber.testng.FeatureWrapper)[pri:0, instance:testRunner.Test1@477b4cdf]" name="runScenario" class="io.cucumber.testng.AbstractTestNGCucumberTests"/>
      </group> <!-- cucumber -->
    </groups>
    <test started-at="2023-09-13T08:30:53 IST" name="Default test" finished-at="2023-09-13T08:31:08 IST" duration-ms="14920">
      <class name="testRunner.Test1">
        <test-method is-config="true" signature="setUpClass(org.testng.ITestContext)[pri:0, instance:testRunner.Test1@477b4cdf]" started-at="2023-09-13T08:30:53 IST" name="setUpClass" finished-at="2023-09-13T08:30:54 IST" duration-ms="145" status="PASS">
          <params>
            <param index="0">
              <value>
                <![CDATA[org.testng.TestRunner@13da7ab0]]>
              </value>
            </param>
          </params>
          <reporter-output>
          </reporter-output>
        </test-method> <!-- setUpClass -->
        <test-method signature="runScenario(io.cucumber.testng.PickleWrapper,io.cucumber.testng.FeatureWrapper)[pri:0, instance:testRunner.Test1@477b4cdf]" started-at="2023-09-13T08:30:54 IST" name="runScenario" description="Runs Cucumber Scenarios" data-provider="scenarios" finished-at="2023-09-13T08:31:08 IST" duration-ms="14725" status="PASS">
          <params>
            <param index="0">
              <value>
                <![CDATA["Login with existing credentials"]]>
              </value>
            </param>
            <param index="1">
              <value>
                <![CDATA["Actitime Login Feature"]]>
              </value>
            </param>
          </params>
          <reporter-output>
          </reporter-output>
        </test-method> <!-- runScenario -->
        <test-method is-config="true" signature="tearDownClass()[pri:0, instance:testRunner.Test1@477b4cdf]" started-at="2023-09-13T08:31:08 IST" name="tearDownClass" finished-at="2023-09-13T08:31:08 IST" duration-ms="7" status="PASS">
          <reporter-output>
          </reporter-output>
        </test-method> <!-- tearDownClass -->
      </class> <!-- testRunner.Test1 -->
    </test> <!-- Default test -->
  </suite> <!-- Default suite -->
</testng-results>
